<?xml version="1.0" encoding="UTF-8"?>
<testng-results skipped="0" failed="0" ignored="0" total="0" passed="0">
  <reporter-output>
  </reporter-output>
  <suite name="stepsDefinitions.TestHelper" duration-ms="14" started-at="2020-05-09T13:00:20 IST" finished-at="2020-05-09T13:00:20 IST">
    <groups>
    </groups>
    <test name="Command line test" duration-ms="14" started-at="2020-05-09T13:00:20 IST" finished-at="2020-05-09T13:00:20 IST">
    </test> <!-- Command line test -->
  </suite> <!-- stepsDefinitions.TestHelper -->
</testng-results>
