<?xml version="1.0" encoding="UTF-8"?>
<testsuite xmlns:xsi="http://www.w3.org/2001/XMLSchema-instance" xsi:noNamespaceSchemaLocation="https://maven.apache.org/surefire/maven-surefire-plugin/xsd/surefire-test-report-3.0.xsd" version="3.0" name="TestSuite" time="87.953" tests="2" errors="0" skipped="0" failures="1">
  <properties>
    <property name="java.specification.version" value="14"/>
    <property name="sun.jnu.encoding" value="UTF-8"/>
    <property name="java.class.path" value="/Users/dhaliwal_mac/Documents/Eclipse_Workspace/cucumber_selenium_intelliJ/target/test-classes:/Users/dhaliwal_mac/Documents/Eclipse_Workspace/cucumber_selenium_intelliJ/target/classes:/Users/dhaliwal_mac/.m2/repository/info/cukes/cucumber-html/0.2.3/cucumber-html-0.2.3.jar:/Users/dhaliwal_mac/.m2/repository/info/cukes/cucumber-java8/1.2.5/cucumber-java8-1.2.5.jar:/Users/dhaliwal_mac/.m2/repository/info/cukes/cucumber-junit/1.2.5/cucumber-junit-1.2.5.jar:/Users/dhaliwal_mac/.m2/repository/info/cukes/cucumber-core/1.2.5/cucumber-core-1.2.5.jar:/Users/dhaliwal_mac/.m2/repository/info/cukes/cucumber-jvm-deps/1.0.5/cucumber-jvm-deps-1.0.5.jar:/Users/dhaliwal_mac/.m2/repository/info/cukes/gherkin/2.12.2/gherkin-2.12.2.jar:/Users/dhaliwal_mac/.m2/repository/junit/junit/4.13/junit-4.13.jar:/Users/dhaliwal_mac/.m2/repository/org/hamcrest/hamcrest-core/1.3/hamcrest-core-1.3.jar:/Users/dhaliwal_mac/.m2/repository/org/mockito/mockito-all/2.0.2-beta/mockito-all-2.0.2-beta.jar:/Users/dhaliwal_mac/.m2/repository/net/masterthought/cucumber-reporting/4.11.2/cucumber-reporting-4.11.2.jar:/Users/dhaliwal_mac/.m2/repository/com/fasterxml/jackson/core/jackson-databind/2.9.9.3/jackson-databind-2.9.9.3.jar:/Users/dhaliwal_mac/.m2/repository/com/fasterxml/jackson/core/jackson-annotations/2.9.0/jackson-annotations-2.9.0.jar:/Users/dhaliwal_mac/.m2/repository/com/fasterxml/jackson/core/jackson-core/2.9.9/jackson-core-2.9.9.jar:/Users/dhaliwal_mac/.m2/repository/org/apache/velocity/velocity/1.7/velocity-1.7.jar:/Users/dhaliwal_mac/.m2/repository/commons-lang/commons-lang/2.4/commons-lang-2.4.jar:/Users/dhaliwal_mac/.m2/repository/commons-collections/commons-collections/3.2.2/commons-collections-3.2.2.jar:/Users/dhaliwal_mac/.m2/repository/velocity-tools/velocity-tools/1.4/velocity-tools-1.4.jar:/Users/dhaliwal_mac/.m2/repository/joda-time/joda-time/2.10.2/joda-time-2.10.2.jar:/Users/dhaliwal_mac/.m2/repository/org/apache/commons/commons-lang3/3.9/commons-lang3-3.9.jar:/Users/dhaliwal_mac/.m2/repository/org/codehaus/plexus/plexus-utils/3.2.0/plexus-utils-3.2.0.jar:/Users/dhaliwal_mac/.m2/repository/org/jsoup/jsoup/1.12.1/jsoup-1.12.1.jar:/Users/dhaliwal_mac/.m2/repository/com/googlecode/owasp-java-html-sanitizer/owasp-java-html-sanitizer/20190610.1/owasp-java-html-sanitizer-20190610.1.jar:/Users/dhaliwal_mac/.m2/repository/commons-configuration/commons-configuration/1.10/commons-configuration-1.10.jar:/Users/dhaliwal_mac/.m2/repository/commons-logging/commons-logging/1.1.1/commons-logging-1.1.1.jar:/Users/dhaliwal_mac/.m2/repository/net/sourceforge/cobertura/cobertura/2.1.1/cobertura-2.1.1.jar:/Users/dhaliwal_mac/.m2/repository/org/ow2/asm/asm/5.0.1/asm-5.0.1.jar:/Users/dhaliwal_mac/.m2/repository/org/ow2/asm/asm-tree/5.0.1/asm-tree-5.0.1.jar:/Users/dhaliwal_mac/.m2/repository/org/ow2/asm/asm-commons/5.0.1/asm-commons-5.0.1.jar:/Users/dhaliwal_mac/.m2/repository/org/ow2/asm/asm-util/5.0.1/asm-util-5.0.1.jar:/Users/dhaliwal_mac/.m2/repository/org/ow2/asm/asm-analysis/5.0.1/asm-analysis-5.0.1.jar:/Users/dhaliwal_mac/.m2/repository/oro/oro/2.0.8/oro-2.0.8.jar:/Users/dhaliwal_mac/.m2/repository/jaxen/jaxen/1.1.4/jaxen-1.1.4.jar:/Users/dhaliwal_mac/.m2/repository/org/apache/ant/ant/1.8.3/ant-1.8.3.jar:/Users/dhaliwal_mac/.m2/repository/org/apache/ant/ant-launcher/1.8.3/ant-launcher-1.8.3.jar:/Users/dhaliwal_mac/.m2/repository/org/apache/ant/ant-junit/1.8.3/ant-junit-1.8.3.jar:/Users/dhaliwal_mac/.m2/repository/org/mortbay/jetty/servlet-api-2.5/6.1.14/servlet-api-2.5-6.1.14.jar:/Users/dhaliwal_mac/.m2/repository/org/mortbay/jetty/jetty/6.1.14/jetty-6.1.14.jar:/Users/dhaliwal_mac/.m2/repository/org/mortbay/jetty/jetty-util/6.1.14/jetty-util-6.1.14.jar:/Users/dhaliwal_mac/.m2/repository/org/slf4j/slf4j-api/1.7.5/slf4j-api-1.7.5.jar:/Users/dhaliwal_mac/.m2/repository/ch/qos/logback/logback-classic/1.0.13/logback-classic-1.0.13.jar:/Users/dhaliwal_mac/.m2/repository/ch/qos/logback/logback-core/1.0.13/logback-core-1.0.13.jar:/Users/dhaliwal_mac/.m2/repository/info/cukes/cucumber-picocontainer/1.2.5/cucumber-picocontainer-1.2.5.jar:/Users/dhaliwal_mac/.m2/repository/org/picocontainer/picocontainer/2.15/picocontainer-2.15.jar:/Library/Java/JavaVirtualMachines/jdk1.8.0_241.jdk/Contents/Home/lib/tools.jar:/Users/dhaliwal_mac/.m2/repository/org/seleniumhq/selenium/selenium-java/3.141.59/selenium-java-3.141.59.jar:/Users/dhaliwal_mac/.m2/repository/org/seleniumhq/selenium/selenium-api/3.141.59/selenium-api-3.141.59.jar:/Users/dhaliwal_mac/.m2/repository/org/seleniumhq/selenium/selenium-chrome-driver/3.141.59/selenium-chrome-driver-3.141.59.jar:/Users/dhaliwal_mac/.m2/repository/org/seleniumhq/selenium/selenium-edge-driver/3.141.59/selenium-edge-driver-3.141.59.jar:/Users/dhaliwal_mac/.m2/repository/org/seleniumhq/selenium/selenium-firefox-driver/3.141.59/selenium-firefox-driver-3.141.59.jar:/Users/dhaliwal_mac/.m2/repository/org/seleniumhq/selenium/selenium-ie-driver/3.141.59/selenium-ie-driver-3.141.59.jar:/Users/dhaliwal_mac/.m2/repository/org/seleniumhq/selenium/selenium-opera-driver/3.141.59/selenium-opera-driver-3.141.59.jar:/Users/dhaliwal_mac/.m2/repository/org/seleniumhq/selenium/selenium-remote-driver/3.141.59/selenium-remote-driver-3.141.59.jar:/Users/dhaliwal_mac/.m2/repository/org/seleniumhq/selenium/selenium-safari-driver/3.141.59/selenium-safari-driver-3.141.59.jar:/Users/dhaliwal_mac/.m2/repository/org/seleniumhq/selenium/selenium-support/3.141.59/selenium-support-3.141.59.jar:/Users/dhaliwal_mac/.m2/repository/net/bytebuddy/byte-buddy/1.8.15/byte-buddy-1.8.15.jar:/Users/dhaliwal_mac/.m2/repository/org/apache/commons/commons-exec/1.3/commons-exec-1.3.jar:/Users/dhaliwal_mac/.m2/repository/com/google/guava/guava/25.0-jre/guava-25.0-jre.jar:/Users/dhaliwal_mac/.m2/repository/com/google/code/findbugs/jsr305/1.3.9/jsr305-1.3.9.jar:/Users/dhaliwal_mac/.m2/repository/org/checkerframework/checker-compat-qual/2.0.0/checker-compat-qual-2.0.0.jar:/Users/dhaliwal_mac/.m2/repository/com/google/errorprone/error_prone_annotations/2.1.3/error_prone_annotations-2.1.3.jar:/Users/dhaliwal_mac/.m2/repository/com/google/j2objc/j2objc-annotations/1.1/j2objc-annotations-1.1.jar:/Users/dhaliwal_mac/.m2/repository/org/codehaus/mojo/animal-sniffer-annotations/1.14/animal-sniffer-annotations-1.14.jar:/Users/dhaliwal_mac/.m2/repository/com/squareup/okhttp3/okhttp/3.11.0/okhttp-3.11.0.jar:/Users/dhaliwal_mac/.m2/repository/com/squareup/okio/okio/1.14.0/okio-1.14.0.jar:/Users/dhaliwal_mac/.m2/repository/commons-io/commons-io/2.6/commons-io-2.6.jar:/Users/dhaliwal_mac/.m2/repository/com/aventstack/extentreports/4.0.0/extentreports-4.0.0.jar:/Users/dhaliwal_mac/.m2/repository/org/freemarker/freemarker/2.3.23/freemarker-2.3.23.jar:/Users/dhaliwal_mac/.m2/repository/org/mongodb/mongodb-driver/3.3.0/mongodb-driver-3.3.0.jar:/Users/dhaliwal_mac/.m2/repository/org/mongodb/mongodb-driver-core/3.3.0/mongodb-driver-core-3.3.0.jar:/Users/dhaliwal_mac/.m2/repository/org/mongodb/bson/3.3.0/bson-3.3.0.jar:/Users/dhaliwal_mac/.m2/repository/org/apache/httpcomponents/httpclient/4.5.2/httpclient-4.5.2.jar:/Users/dhaliwal_mac/.m2/repository/org/apache/httpcomponents/httpcore/4.4.4/httpcore-4.4.4.jar:/Users/dhaliwal_mac/.m2/repository/commons-codec/commons-codec/1.9/commons-codec-1.9.jar:/Users/dhaliwal_mac/.m2/repository/org/apache/httpcomponents/httpmime/4.5.2/httpmime-4.5.2.jar:/Users/dhaliwal_mac/.m2/repository/com/google/code/gson/gson/2.8.5/gson-2.8.5.jar:/Users/dhaliwal_mac/.m2/repository/org/testng/testng/7.1.0/testng-7.1.0.jar:/Users/dhaliwal_mac/.m2/repository/com/beust/jcommander/1.72/jcommander-1.72.jar:/Users/dhaliwal_mac/.m2/repository/com/google/inject/guice/4.1.0/guice-4.1.0-no_aop.jar:/Users/dhaliwal_mac/.m2/repository/javax/inject/javax.inject/1/javax.inject-1.jar:/Users/dhaliwal_mac/.m2/repository/aopalliance/aopalliance/1.0/aopalliance-1.0.jar:/Users/dhaliwal_mac/.m2/repository/org/yaml/snakeyaml/1.21/snakeyaml-1.21.jar:/Users/dhaliwal_mac/.m2/repository/info/cukes/cucumber-testng/1.2.5/cucumber-testng-1.2.5.jar:/Users/dhaliwal_mac/.m2/repository/info/cukes/cucumber-java/1.2.5/cucumber-java-1.2.5.jar:/Users/dhaliwal_mac/.m2/repository/io/cucumber/cucumber-java/5.7.0/cucumber-java-5.7.0.jar:/Users/dhaliwal_mac/.m2/repository/org/apiguardian/apiguardian-api/1.1.0/apiguardian-api-1.1.0.jar:/Users/dhaliwal_mac/.m2/repository/io/cucumber/cucumber-core/4.4.0/cucumber-core-4.4.0.jar:/Users/dhaliwal_mac/.m2/repository/io/cucumber/gherkin/5.1.0/gherkin-5.1.0.jar:/Users/dhaliwal_mac/.m2/repository/io/cucumber/tag-expressions/1.1.1/tag-expressions-1.1.1.jar:/Users/dhaliwal_mac/.m2/repository/io/cucumber/cucumber-expressions/7.0.2/cucumber-expressions-7.0.2.jar:/Users/dhaliwal_mac/.m2/repository/io/cucumber/datatable/1.1.14/datatable-1.1.14.jar:/Users/dhaliwal_mac/.m2/repository/io/cucumber/datatable-dependencies/1.1.14/datatable-dependencies-1.1.14.jar:"/>
    <property name="java.vm.vendor" value="Oracle Corporation"/>
    <property name="sun.arch.data.model" value="64"/>
    <property name="java.vendor.url" value="https://java.oracle.com/"/>
    <property name="user.timezone" value="Asia/Kolkata"/>
    <property name="os.name" value="Mac OS X"/>
    <property name="java.vm.specification.version" value="14"/>
    <property name="sun.java.launcher" value="SUN_STANDARD"/>
    <property name="user.country" value="IN"/>
    <property name="sun.boot.library.path" value="/Library/Java/JavaVirtualMachines/jdk-14.0.1.jdk/Contents/Home/lib"/>
    <property name="sun.java.command" value="/Users/dhaliwal_mac/Documents/Eclipse_Workspace/cucumber_selenium_intelliJ/target/surefire/surefirebooter5335789557143291277.jar /Users/dhaliwal_mac/Documents/Eclipse_Workspace/cucumber_selenium_intelliJ/target/surefire 2020-05-10T15-24-40_097-jvmRun1 surefire7104543418733594840tmp surefire_014504227400032379475tmp"/>
    <property name="http.nonProxyHosts" value="local|*.local|169.254/16|*.169.254/16"/>
    <property name="jdk.debug" value="release"/>
    <property name="surefire.test.class.path" value="/Users/dhaliwal_mac/Documents/Eclipse_Workspace/cucumber_selenium_intelliJ/target/test-classes:/Users/dhaliwal_mac/Documents/Eclipse_Workspace/cucumber_selenium_intelliJ/target/classes:/Users/dhaliwal_mac/.m2/repository/info/cukes/cucumber-html/0.2.3/cucumber-html-0.2.3.jar:/Users/dhaliwal_mac/.m2/repository/info/cukes/cucumber-java8/1.2.5/cucumber-java8-1.2.5.jar:/Users/dhaliwal_mac/.m2/repository/info/cukes/cucumber-junit/1.2.5/cucumber-junit-1.2.5.jar:/Users/dhaliwal_mac/.m2/repository/info/cukes/cucumber-core/1.2.5/cucumber-core-1.2.5.jar:/Users/dhaliwal_mac/.m2/repository/info/cukes/cucumber-jvm-deps/1.0.5/cucumber-jvm-deps-1.0.5.jar:/Users/dhaliwal_mac/.m2/repository/info/cukes/gherkin/2.12.2/gherkin-2.12.2.jar:/Users/dhaliwal_mac/.m2/repository/junit/junit/4.13/junit-4.13.jar:/Users/dhaliwal_mac/.m2/repository/org/hamcrest/hamcrest-core/1.3/hamcrest-core-1.3.jar:/Users/dhaliwal_mac/.m2/repository/org/mockito/mockito-all/2.0.2-beta/mockito-all-2.0.2-beta.jar:/Users/dhaliwal_mac/.m2/repository/net/masterthought/cucumber-reporting/4.11.2/cucumber-reporting-4.11.2.jar:/Users/dhaliwal_mac/.m2/repository/com/fasterxml/jackson/core/jackson-databind/2.9.9.3/jackson-databind-2.9.9.3.jar:/Users/dhaliwal_mac/.m2/repository/com/fasterxml/jackson/core/jackson-annotations/2.9.0/jackson-annotations-2.9.0.jar:/Users/dhaliwal_mac/.m2/repository/com/fasterxml/jackson/core/jackson-core/2.9.9/jackson-core-2.9.9.jar:/Users/dhaliwal_mac/.m2/repository/org/apache/velocity/velocity/1.7/velocity-1.7.jar:/Users/dhaliwal_mac/.m2/repository/commons-lang/commons-lang/2.4/commons-lang-2.4.jar:/Users/dhaliwal_mac/.m2/repository/commons-collections/commons-collections/3.2.2/commons-collections-3.2.2.jar:/Users/dhaliwal_mac/.m2/repository/velocity-tools/velocity-tools/1.4/velocity-tools-1.4.jar:/Users/dhaliwal_mac/.m2/repository/joda-time/joda-time/2.10.2/joda-time-2.10.2.jar:/Users/dhaliwal_mac/.m2/repository/org/apache/commons/commons-lang3/3.9/commons-lang3-3.9.jar:/Users/dhaliwal_mac/.m2/repository/org/codehaus/plexus/plexus-utils/3.2.0/plexus-utils-3.2.0.jar:/Users/dhaliwal_mac/.m2/repository/org/jsoup/jsoup/1.12.1/jsoup-1.12.1.jar:/Users/dhaliwal_mac/.m2/repository/com/googlecode/owasp-java-html-sanitizer/owasp-java-html-sanitizer/20190610.1/owasp-java-html-sanitizer-20190610.1.jar:/Users/dhaliwal_mac/.m2/repository/commons-configuration/commons-configuration/1.10/commons-configuration-1.10.jar:/Users/dhaliwal_mac/.m2/repository/commons-logging/commons-logging/1.1.1/commons-logging-1.1.1.jar:/Users/dhaliwal_mac/.m2/repository/net/sourceforge/cobertura/cobertura/2.1.1/cobertura-2.1.1.jar:/Users/dhaliwal_mac/.m2/repository/org/ow2/asm/asm/5.0.1/asm-5.0.1.jar:/Users/dhaliwal_mac/.m2/repository/org/ow2/asm/asm-tree/5.0.1/asm-tree-5.0.1.jar:/Users/dhaliwal_mac/.m2/repository/org/ow2/asm/asm-commons/5.0.1/asm-commons-5.0.1.jar:/Users/dhaliwal_mac/.m2/repository/org/ow2/asm/asm-util/5.0.1/asm-util-5.0.1.jar:/Users/dhaliwal_mac/.m2/repository/org/ow2/asm/asm-analysis/5.0.1/asm-analysis-5.0.1.jar:/Users/dhaliwal_mac/.m2/repository/oro/oro/2.0.8/oro-2.0.8.jar:/Users/dhaliwal_mac/.m2/repository/jaxen/jaxen/1.1.4/jaxen-1.1.4.jar:/Users/dhaliwal_mac/.m2/repository/org/apache/ant/ant/1.8.3/ant-1.8.3.jar:/Users/dhaliwal_mac/.m2/repository/org/apache/ant/ant-launcher/1.8.3/ant-launcher-1.8.3.jar:/Users/dhaliwal_mac/.m2/repository/org/apache/ant/ant-junit/1.8.3/ant-junit-1.8.3.jar:/Users/dhaliwal_mac/.m2/repository/org/mortbay/jetty/servlet-api-2.5/6.1.14/servlet-api-2.5-6.1.14.jar:/Users/dhaliwal_mac/.m2/repository/org/mortbay/jetty/jetty/6.1.14/jetty-6.1.14.jar:/Users/dhaliwal_mac/.m2/repository/org/mortbay/jetty/jetty-util/6.1.14/jetty-util-6.1.14.jar:/Users/dhaliwal_mac/.m2/repository/org/slf4j/slf4j-api/1.7.5/slf4j-api-1.7.5.jar:/Users/dhaliwal_mac/.m2/repository/ch/qos/logback/logback-classic/1.0.13/logback-classic-1.0.13.jar:/Users/dhaliwal_mac/.m2/repository/ch/qos/logback/logback-core/1.0.13/logback-core-1.0.13.jar:/Users/dhaliwal_mac/.m2/repository/info/cukes/cucumber-picocontainer/1.2.5/cucumber-picocontainer-1.2.5.jar:/Users/dhaliwal_mac/.m2/repository/org/picocontainer/picocontainer/2.15/picocontainer-2.15.jar:/Library/Java/JavaVirtualMachines/jdk1.8.0_241.jdk/Contents/Home/lib/tools.jar:/Users/dhaliwal_mac/.m2/repository/org/seleniumhq/selenium/selenium-java/3.141.59/selenium-java-3.141.59.jar:/Users/dhaliwal_mac/.m2/repository/org/seleniumhq/selenium/selenium-api/3.141.59/selenium-api-3.141.59.jar:/Users/dhaliwal_mac/.m2/repository/org/seleniumhq/selenium/selenium-chrome-driver/3.141.59/selenium-chrome-driver-3.141.59.jar:/Users/dhaliwal_mac/.m2/repository/org/seleniumhq/selenium/selenium-edge-driver/3.141.59/selenium-edge-driver-3.141.59.jar:/Users/dhaliwal_mac/.m2/repository/org/seleniumhq/selenium/selenium-firefox-driver/3.141.59/selenium-firefox-driver-3.141.59.jar:/Users/dhaliwal_mac/.m2/repository/org/seleniumhq/selenium/selenium-ie-driver/3.141.59/selenium-ie-driver-3.141.59.jar:/Users/dhaliwal_mac/.m2/repository/org/seleniumhq/selenium/selenium-opera-driver/3.141.59/selenium-opera-driver-3.141.59.jar:/Users/dhaliwal_mac/.m2/repository/org/seleniumhq/selenium/selenium-remote-driver/3.141.59/selenium-remote-driver-3.141.59.jar:/Users/dhaliwal_mac/.m2/repository/org/seleniumhq/selenium/selenium-safari-driver/3.141.59/selenium-safari-driver-3.141.59.jar:/Users/dhaliwal_mac/.m2/repository/org/seleniumhq/selenium/selenium-support/3.141.59/selenium-support-3.141.59.jar:/Users/dhaliwal_mac/.m2/repository/net/bytebuddy/byte-buddy/1.8.15/byte-buddy-1.8.15.jar:/Users/dhaliwal_mac/.m2/repository/org/apache/commons/commons-exec/1.3/commons-exec-1.3.jar:/Users/dhaliwal_mac/.m2/repository/com/google/guava/guava/25.0-jre/guava-25.0-jre.jar:/Users/dhaliwal_mac/.m2/repository/com/google/code/findbugs/jsr305/1.3.9/jsr305-1.3.9.jar:/Users/dhaliwal_mac/.m2/repository/org/checkerframework/checker-compat-qual/2.0.0/checker-compat-qual-2.0.0.jar:/Users/dhaliwal_mac/.m2/repository/com/google/errorprone/error_prone_annotations/2.1.3/error_prone_annotations-2.1.3.jar:/Users/dhaliwal_mac/.m2/repository/com/google/j2objc/j2objc-annotations/1.1/j2objc-annotations-1.1.jar:/Users/dhaliwal_mac/.m2/repository/org/codehaus/mojo/animal-sniffer-annotations/1.14/animal-sniffer-annotations-1.14.jar:/Users/dhaliwal_mac/.m2/repository/com/squareup/okhttp3/okhttp/3.11.0/okhttp-3.11.0.jar:/Users/dhaliwal_mac/.m2/repository/com/squareup/okio/okio/1.14.0/okio-1.14.0.jar:/Users/dhaliwal_mac/.m2/repository/commons-io/commons-io/2.6/commons-io-2.6.jar:/Users/dhaliwal_mac/.m2/repository/com/aventstack/extentreports/4.0.0/extentreports-4.0.0.jar:/Users/dhaliwal_mac/.m2/repository/org/freemarker/freemarker/2.3.23/freemarker-2.3.23.jar:/Users/dhaliwal_mac/.m2/repository/org/mongodb/mongodb-driver/3.3.0/mongodb-driver-3.3.0.jar:/Users/dhaliwal_mac/.m2/repository/org/mongodb/mongodb-driver-core/3.3.0/mongodb-driver-core-3.3.0.jar:/Users/dhaliwal_mac/.m2/repository/org/mongodb/bson/3.3.0/bson-3.3.0.jar:/Users/dhaliwal_mac/.m2/repository/org/apache/httpcomponents/httpclient/4.5.2/httpclient-4.5.2.jar:/Users/dhaliwal_mac/.m2/repository/org/apache/httpcomponents/httpcore/4.4.4/httpcore-4.4.4.jar:/Users/dhaliwal_mac/.m2/repository/commons-codec/commons-codec/1.9/commons-codec-1.9.jar:/Users/dhaliwal_mac/.m2/repository/org/apache/httpcomponents/httpmime/4.5.2/httpmime-4.5.2.jar:/Users/dhaliwal_mac/.m2/repository/com/google/code/gson/gson/2.8.5/gson-2.8.5.jar:/Users/dhaliwal_mac/.m2/repository/org/testng/testng/7.1.0/testng-7.1.0.jar:/Users/dhaliwal_mac/.m2/repository/com/beust/jcommander/1.72/jcommander-1.72.jar:/Users/dhaliwal_mac/.m2/repository/com/google/inject/guice/4.1.0/guice-4.1.0-no_aop.jar:/Users/dhaliwal_mac/.m2/repository/javax/inject/javax.inject/1/javax.inject-1.jar:/Users/dhaliwal_mac/.m2/repository/aopalliance/aopalliance/1.0/aopalliance-1.0.jar:/Users/dhaliwal_mac/.m2/repository/org/yaml/snakeyaml/1.21/snakeyaml-1.21.jar:/Users/dhaliwal_mac/.m2/repository/info/cukes/cucumber-testng/1.2.5/cucumber-testng-1.2.5.jar:/Users/dhaliwal_mac/.m2/repository/info/cukes/cucumber-java/1.2.5/cucumber-java-1.2.5.jar:/Users/dhaliwal_mac/.m2/repository/io/cucumber/cucumber-java/5.7.0/cucumber-java-5.7.0.jar:/Users/dhaliwal_mac/.m2/repository/org/apiguardian/apiguardian-api/1.1.0/apiguardian-api-1.1.0.jar:/Users/dhaliwal_mac/.m2/repository/io/cucumber/cucumber-core/4.4.0/cucumber-core-4.4.0.jar:/Users/dhaliwal_mac/.m2/repository/io/cucumber/gherkin/5.1.0/gherkin-5.1.0.jar:/Users/dhaliwal_mac/.m2/repository/io/cucumber/tag-expressions/1.1.1/tag-expressions-1.1.1.jar:/Users/dhaliwal_mac/.m2/repository/io/cucumber/cucumber-expressions/7.0.2/cucumber-expressions-7.0.2.jar:/Users/dhaliwal_mac/.m2/repository/io/cucumber/datatable/1.1.14/datatable-1.1.14.jar:/Users/dhaliwal_mac/.m2/repository/io/cucumber/datatable-dependencies/1.1.14/datatable-dependencies-1.1.14.jar:"/>
    <property name="sun.cpu.endian" value="little"/>
    <property name="user.home" value="/Users/dhaliwal_mac"/>
    <property name="user.language" value="en"/>
    <property name="java.specification.vendor" value="Oracle Corporation"/>
    <property name="java.version.date" value="2020-04-14"/>
    <property name="java.home" value="/Library/Java/JavaVirtualMachines/jdk-14.0.1.jdk/Contents/Home"/>
    <property name="file.separator" value="/"/>
    <property name="basedir" value="/Users/dhaliwal_mac/Documents/Eclipse_Workspace/cucumber_selenium_intelliJ"/>
    <property name="java.vm.compressedOopsMode" value="Zero based"/>
    <property name="line.separator" value="&#10;"/>
    <property name="java.specification.name" value="Java Platform API Specification"/>
    <property name="java.vm.specification.vendor" value="Oracle Corporation"/>
    <property name="surefire.real.class.path" value="/Users/dhaliwal_mac/Documents/Eclipse_Workspace/cucumber_selenium_intelliJ/target/surefire/surefirebooter5335789557143291277.jar"/>
    <property name="sun.management.compiler" value="HotSpot 64-Bit Tiered Compilers"/>
    <property name="ftp.nonProxyHosts" value="local|*.local|169.254/16|*.169.254/16"/>
    <property name="java.runtime.version" value="14.0.1+7"/>
    <property name="user.name" value="dhaliwal_mac"/>
    <property name="path.separator" value=":"/>
    <property name="os.version" value="10.15.4"/>
    <property name="java.runtime.name" value="Java(TM) SE Runtime Environment"/>
    <property name="file.encoding" value="UTF-8"/>
    <property name="java.vm.name" value="Java HotSpot(TM) 64-Bit Server VM"/>
    <property name="localRepository" value="/Users/dhaliwal_mac/.m2/repository"/>
    <property name="java.vendor.url.bug" value="https://bugreport.java.com/bugreport/"/>
    <property name="java.io.tmpdir" value="/var/folders/7d/pndq6v6174ncy_x0gs9jp93c0000gn/T/"/>
    <property name="java.version" value="14.0.1"/>
    <property name="user.dir" value="/Users/dhaliwal_mac/Documents/Eclipse_Workspace/cucumber_selenium_intelliJ"/>
    <property name="os.arch" value="x86_64"/>
    <property name="webdriver.gecko.driver" value="/Users/dhaliwal_mac/Documents/Eclipse_Workspace/cucumber_selenium_intelliJ/src/test/drivers/geckodriver"/>
    <property name="java.vm.specification.name" value="Java Virtual Machine Specification"/>
    <property name="java.library.path" value="/Users/dhaliwal_mac/Library/Java/Extensions:/Library/Java/Extensions:/Network/Library/Java/Extensions:/System/Library/Java/Extensions:/usr/lib/java:."/>
    <property name="java.vm.info" value="mixed mode, sharing"/>
    <property name="java.vendor" value="Oracle Corporation"/>
    <property name="java.vm.version" value="14.0.1+7"/>
    <property name="sun.io.unicode.encoding" value="UnicodeBig"/>
    <property name="socksNonProxyHosts" value="local|*.local|169.254/16|*.169.254/16"/>
    <property name="java.class.version" value="58.0"/>
  </properties>
  <testcase name="feature" classname="testRunner.TestRunner" time="47.158"/>
  <testcase name="feature" classname="testRunner.TestRunner" time="38.991">
    <failure message="org.openqa.selenium.UnhandledAlertException: Dismissed user prompt dialog: User or Password is not valid: &#10;Build info: version: &apos;3.141.59&apos;, revision: &apos;e82be7d358&apos;, time: &apos;2018-11-14T08:17:03&apos;&#10;System info: host: &apos;Dhaliwal-macs-MacBook-Air.local&apos;, ip: &apos;2409:4055:71c:ff0c:427:4e5e:dab5:fd77%en0&apos;, os.name: &apos;Mac OS X&apos;, os.arch: &apos;x86_64&apos;, os.version: &apos;10.15.4&apos;, java.version: &apos;14.0.1&apos;&#10;Driver info: org.openqa.selenium.firefox.FirefoxDriver&#10;Capabilities {acceptInsecureCerts: true, browserName: firefox, browserVersion: 75.0, javascriptEnabled: true, moz:accessibilityChecks: false, moz:buildID: 20200403170909, moz:geckodriverVersion: 0.26.0, moz:headless: false, moz:processID: 37994, moz:profile: /var/folders/7d/pndq6v6174n..., moz:shutdownTimeout: 60000, moz:useNonSpecCompliantPointerOrigin: false, moz:webdriverClick: true, pageLoadStrategy: normal, platform: MAC, platformName: MAC, platformVersion: 19.4.0, rotatable: false, setWindowRect: true, strictFileInteractability: false, timeouts: {implicit: 0, pageLoad: 300000, script: 30000}, unhandledPromptBehavior: dismiss and notify}&#10;Session ID: 8141119c-22dc-9540-9189-f101c99afaf1" type="cucumber.runtime.CucumberException"><![CDATA[cucumber.runtime.CucumberException: 
org.openqa.selenium.UnhandledAlertException: Dismissed user prompt dialog: User or Password is not valid: 
Build info: version: '3.141.59', revision: 'e82be7d358', time: '2018-11-14T08:17:03'
System info: host: 'Dhaliwal-macs-MacBook-Air.local', ip: '2409:4055:71c:ff0c:427:4e5e:dab5:fd77%en0', os.name: 'Mac OS X', os.arch: 'x86_64', os.version: '10.15.4', java.version: '14.0.1'
Driver info: org.openqa.selenium.firefox.FirefoxDriver
Capabilities {acceptInsecureCerts: true, browserName: firefox, browserVersion: 75.0, javascriptEnabled: true, moz:accessibilityChecks: false, moz:buildID: 20200403170909, moz:geckodriverVersion: 0.26.0, moz:headless: false, moz:processID: 37994, moz:profile: /var/folders/7d/pndq6v6174n..., moz:shutdownTimeout: 60000, moz:useNonSpecCompliantPointerOrigin: false, moz:webdriverClick: true, pageLoadStrategy: normal, platform: MAC, platformName: MAC, platformVersion: 19.4.0, rotatable: false, setWindowRect: true, strictFileInteractability: false, timeouts: {implicit: 0, pageLoad: 300000, script: 30000}, unhandledPromptBehavior: dismiss and notify}
Session ID: 8141119c-22dc-9540-9189-f101c99afaf1
Caused by: org.openqa.selenium.UnhandledAlertException: 
Dismissed user prompt dialog: User or Password is not valid: 
Build info: version: '3.141.59', revision: 'e82be7d358', time: '2018-11-14T08:17:03'
System info: host: 'Dhaliwal-macs-MacBook-Air.local', ip: '2409:4055:71c:ff0c:427:4e5e:dab5:fd77%en0', os.name: 'Mac OS X', os.arch: 'x86_64', os.version: '10.15.4', java.version: '14.0.1'
Driver info: org.openqa.selenium.firefox.FirefoxDriver
Capabilities {acceptInsecureCerts: true, browserName: firefox, browserVersion: 75.0, javascriptEnabled: true, moz:accessibilityChecks: false, moz:buildID: 20200403170909, moz:geckodriverVersion: 0.26.0, moz:headless: false, moz:processID: 37994, moz:profile: /var/folders/7d/pndq6v6174n..., moz:shutdownTimeout: 60000, moz:useNonSpecCompliantPointerOrigin: false, moz:webdriverClick: true, pageLoadStrategy: normal, platform: MAC, platformName: MAC, platformVersion: 19.4.0, rotatable: false, setWindowRect: true, strictFileInteractability: false, timeouts: {implicit: 0, pageLoad: 300000, script: 30000}, unhandledPromptBehavior: dismiss and notify}
Session ID: 8141119c-22dc-9540-9189-f101c99afaf1
]]></failure>
    <system-out><![CDATA[This is on test start
Feature: Login test

  Background: these are back ground steps                                 # login.feature:2
    Given Open chrome browser                                             # steps.open_chrome_browser()
    Then Enter valid url "http://demo.guru99.com/V4/" to open application # steps.enter_valid_url_to_open_application(String)

  @execute
  Scenario: login with valid credentials                                                # login.feature:7
    When After launching application enter username "mngr259062" and password "UsuhagY" # steps.after_launching_application_enter_username_and_password(String,String)
    And After that enter click on login button                                          # steps.after_that_enter_click_on_login_button()
    Then Get title of the current page "Guru99 Bank Manager HomePage"                   # steps.get_title_of_the_current_page(String)
    Then Close the application and browser                                              # steps.close_the_application_and_browser()

  @execute
  Scenario Outline: Data driven test                                                       # login.feature:14
    When After launching application enter username "<username>" and password "<password>"
    And After that enter click on login button
    Then Get title of the current page "Guru99 Bank Manager HomePage"
    Then Close the application and browser

    Examples: 

  Background: these are back ground steps                                 # login.feature:2
    Given Open chrome browser                                             # steps.open_chrome_browser()
    Then Enter valid url "http://demo.guru99.com/V4/" to open application # steps.enter_valid_url_to_open_application(String)

  @execute
  Scenario Outline: Data driven test                                                    # login.feature:21
    When After launching application enter username "mngr259062" and password "UsuhagY" # steps.after_launching_application_enter_username_and_password(String,String)
    And After that enter click on login button                                          # steps.after_that_enter_click_on_login_button()
    Then Get title of the current page "Guru99 Bank Manager HomePage"                   # steps.get_title_of_the_current_page(String)
    Then Close the application and browser                                              # steps.close_the_application_and_browser()

  Background: these are back ground steps                                 # login.feature:2
    Given Open chrome browser                                             # steps.open_chrome_browser()
    Then Enter valid url "http://demo.guru99.com/V4/" to open application # steps.enter_valid_url_to_open_application(String)

  @execute
  Scenario Outline: Data driven test                                                   # login.feature:22
    When After launching application enter username "mngr25906" and password "UsuhagY" # steps.after_launching_application_enter_username_and_password(String,String)
    And After that enter click on login button                                         # steps.after_that_enter_click_on_login_button()
    Then Get title of the current page "Guru99 Bank Manager HomePage"                  # steps.get_title_of_the_current_page(String)
      org.openqa.selenium.UnhandledAlertException: Dismissed user prompt dialog: User or Password is not valid: 
      Build info: version: '3.141.59', revision: 'e82be7d358', time: '2018-11-14T08:17:03'
      System info: host: 'Dhaliwal-macs-MacBook-Air.local', ip: '2409:4055:71c:ff0c:427:4e5e:dab5:fd77%en0', os.name: 'Mac OS X', os.arch: 'x86_64', os.version: '10.15.4', java.version: '14.0.1'
      Driver info: org.openqa.selenium.firefox.FirefoxDriver
      Capabilities {acceptInsecureCerts: true, browserName: firefox, browserVersion: 75.0, javascriptEnabled: true, moz:accessibilityChecks: false, moz:buildID: 20200403170909, moz:geckodriverVersion: 0.26.0, moz:headless: false, moz:processID: 37994, moz:profile: /var/folders/7d/pndq6v6174n..., moz:shutdownTimeout: 60000, moz:useNonSpecCompliantPointerOrigin: false, moz:webdriverClick: true, pageLoadStrategy: normal, platform: MAC, platformName: MAC, platformVersion: 19.4.0, rotatable: false, setWindowRect: true, strictFileInteractability: false, timeouts: {implicit: 0, pageLoad: 300000, script: 30000}, unhandledPromptBehavior: dismiss and notify}
      Session ID: 8141119c-22dc-9540-9189-f101c99afaf1
      	at org.openqa.selenium.remote.http.W3CHttpResponseCodec.decode(W3CHttpResponseCodec.java:120)
      	at org.openqa.selenium.remote.http.W3CHttpResponseCodec.decode(W3CHttpResponseCodec.java:49)
      	at org.openqa.selenium.remote.HttpCommandExecutor.execute(HttpCommandExecutor.java:158)
      	at org.openqa.selenium.remote.service.DriverCommandExecutor.execute(DriverCommandExecutor.java:83)
      	at org.openqa.selenium.remote.RemoteWebDriver.execute(RemoteWebDriver.java:552)
      	at org.openqa.selenium.remote.RemoteWebDriver.execute(RemoteWebDriver.java:609)
      	at org.openqa.selenium.remote.RemoteWebDriver.getTitle(RemoteWebDriver.java:281)
      	at stepsDefinitions.steps.get_title_of_the_current_page(steps.java:53)
      	at âœ½.Then Get title of the current page "Guru99 Bank Manager HomePage"(login.feature:17)

    Then Close the application and browser                                             # steps.close_the_application_and_browser()
This is on test failure
]]></system-out>
    <system-err><![CDATA[1589104529443	mozrunner::runner	INFO	Running command: "/Applications/Firefox.app/Contents/MacOS/firefox-bin" "-marionette" "-foreground" "-no-remote" "-profile" "/var/folders/7d/pndq6v6174ncy_x0gs9jp93c0000gn/T/rust_mozprofileEwljHI"
1589104530148	addons.webextension.doh-rollout@mozilla.org	WARN	Loading extension 'doh-rollout@mozilla.org': Reading manifest: Invalid extension permission: networkStatus
1589104530643	addons.webextension.screenshots@mozilla.org	WARN	Loading extension 'screenshots@mozilla.org': Reading manifest: Invalid extension permission: mozillaAddons
1589104530643	addons.webextension.screenshots@mozilla.org	WARN	Loading extension 'screenshots@mozilla.org': Reading manifest: Invalid extension permission: telemetry
1589104530643	addons.webextension.screenshots@mozilla.org	WARN	Loading extension 'screenshots@mozilla.org': Reading manifest: Invalid extension permission: resource://pdf.js/
1589104530643	addons.webextension.screenshots@mozilla.org	WARN	Loading extension 'screenshots@mozilla.org': Reading manifest: Invalid extension permission: about:reader*
1589104532955	Marionette	INFO	Listening on port 64726
1589104533051	Marionette	WARN	TLS certificate errors will be ignored for this session
May 10, 2020 3:25:33 PM org.openqa.selenium.remote.ProtocolHandshake createSession
INFO: Detected dialect: W3C
JavaScript error: http://demo.guru99.com/V4/index.php, line 1: SyntaxError: missing ) after argument list
1589104542038	Marionette	INFO	Stopped listening on port 64726
1589104543953	mozrunner::runner	INFO	Running command: "/Applications/Firefox.app/Contents/MacOS/firefox-bin" "-marionette" "-foreground" "-no-remote" "-profile" "/var/folders/7d/pndq6v6174ncy_x0gs9jp93c0000gn/T/rust_mozprofilecrg4Rd"
1589104544533	addons.webextension.doh-rollout@mozilla.org	WARN	Loading extension 'doh-rollout@mozilla.org': Reading manifest: Invalid extension permission: networkStatus
1589104545031	addons.webextension.screenshots@mozilla.org	WARN	Loading extension 'screenshots@mozilla.org': Reading manifest: Invalid extension permission: mozillaAddons
1589104545031	addons.webextension.screenshots@mozilla.org	WARN	Loading extension 'screenshots@mozilla.org': Reading manifest: Invalid extension permission: telemetry
1589104545032	addons.webextension.screenshots@mozilla.org	WARN	Loading extension 'screenshots@mozilla.org': Reading manifest: Invalid extension permission: resource://pdf.js/
1589104545032	addons.webextension.screenshots@mozilla.org	WARN	Loading extension 'screenshots@mozilla.org': Reading manifest: Invalid extension permission: about:reader*
1589104547238	Marionette	INFO	Listening on port 64929
1589104547280	Marionette	WARN	TLS certificate errors will be ignored for this session
May 10, 2020 3:25:47 PM org.openqa.selenium.remote.ProtocolHandshake createSession
INFO: Detected dialect: W3C
JavaScript error: http://demo.guru99.com/V4/index.php, line 1: SyntaxError: missing ) after argument list
1589104555656	Marionette	INFO	Stopped listening on port 64929
1589104557551	mozrunner::runner	INFO	Running command: "/Applications/Firefox.app/Contents/MacOS/firefox-bin" "-marionette" "-foreground" "-no-remote" "-profile" "/var/folders/7d/pndq6v6174ncy_x0gs9jp93c0000gn/T/rust_mozprofileBYV1kF"
1589104558224	addons.webextension.doh-rollout@mozilla.org	WARN	Loading extension 'doh-rollout@mozilla.org': Reading manifest: Invalid extension permission: networkStatus
1589104558726	addons.webextension.screenshots@mozilla.org	WARN	Loading extension 'screenshots@mozilla.org': Reading manifest: Invalid extension permission: mozillaAddons
1589104558726	addons.webextension.screenshots@mozilla.org	WARN	Loading extension 'screenshots@mozilla.org': Reading manifest: Invalid extension permission: telemetry
1589104558726	addons.webextension.screenshots@mozilla.org	WARN	Loading extension 'screenshots@mozilla.org': Reading manifest: Invalid extension permission: resource://pdf.js/
1589104558727	addons.webextension.screenshots@mozilla.org	WARN	Loading extension 'screenshots@mozilla.org': Reading manifest: Invalid extension permission: about:reader*
1589104560947	Marionette	INFO	Listening on port 65106
1589104560981	Marionette	WARN	TLS certificate errors will be ignored for this session
May 10, 2020 3:26:01 PM org.openqa.selenium.remote.ProtocolHandshake createSession
INFO: Detected dialect: W3C
JavaScript error: http://demo.guru99.com/V4/index.php, line 1: SyntaxError: missing ) after argument list
java.io.IOException: Media was not found at [/Users/dhaliwal_mac/Documents/Eclipse_Workspace/cucumber_selenium_intelliJ/extent_reports/feature.png]
	at com.aventstack.extentreports.reporter.BasicFileReporter.mediaExists(BasicFileReporter.java:248)
	at com.aventstack.extentreports.reporter.BasicFileReporter.onScreenCaptureAdded(BasicFileReporter.java:242)
	at com.aventstack.extentreports.ExtentObservable.addScreenCapture(ExtentObservable.java:374)
	at com.aventstack.extentreports.ExtentTest.addLog(ExtentTest.java:363)
	at com.aventstack.extentreports.ExtentTest.log(ExtentTest.java:308)
	at com.aventstack.extentreports.ExtentTest.fail(ExtentTest.java:605)
	at utils.ExtentReportUtils.takeScreenShot(ExtentReportUtils.java:31)
	at testRunner.CustomListeners.onTestFailure(CustomListeners.java:32)
	at org.testng.internal.TestListenerHelper.runTestListeners(TestListenerHelper.java:66)
	at org.testng.internal.TestInvoker.runTestResultListener(TestInvoker.java:219)
	at org.testng.internal.TestInvoker.invokeMethod(TestInvoker.java:651)
	at org.testng.internal.TestInvoker.invokeTestMethod(TestInvoker.java:173)
	at org.testng.internal.MethodRunner.runInSequence(MethodRunner.java:46)
	at org.testng.internal.TestInvoker$MethodInvocationAgent.invoke(TestInvoker.java:816)
	at org.testng.internal.TestInvoker.invokeTestMethods(TestInvoker.java:146)
	at org.testng.internal.TestMethodWorker.invokeTestMethods(TestMethodWorker.java:146)
	at org.testng.internal.TestMethodWorker.run(TestMethodWorker.java:128)
	at java.base/java.util.ArrayList.forEach(ArrayList.java:1510)
	at org.testng.TestRunner.privateRun(TestRunner.java:766)
	at org.testng.TestRunner.run(TestRunner.java:587)
	at org.testng.SuiteRunner.runTest(SuiteRunner.java:384)
	at org.testng.SuiteRunner.runSequentially(SuiteRunner.java:378)
	at org.testng.SuiteRunner.privateRun(SuiteRunner.java:337)
	at org.testng.SuiteRunner.run(SuiteRunner.java:286)
	at org.testng.SuiteRunnerWorker.runSuite(SuiteRunnerWorker.java:53)
	at org.testng.SuiteRunnerWorker.run(SuiteRunnerWorker.java:96)
	at org.testng.TestNG.runSuitesSequentially(TestNG.java:1187)
	at org.testng.TestNG.runSuitesLocally(TestNG.java:1109)
	at org.testng.TestNG.runSuites(TestNG.java:1039)
	at org.testng.TestNG.run(TestNG.java:1007)
	at org.apache.maven.surefire.testng.TestNGExecutor.run(TestNGExecutor.java:283)
	at org.apache.maven.surefire.testng.TestNGXmlTestSuite.execute(TestNGXmlTestSuite.java:75)
	at org.apache.maven.surefire.testng.TestNGProvider.invoke(TestNGProvider.java:120)
	at org.apache.maven.surefire.booter.ForkedBooter.runSuitesInProcess(ForkedBooter.java:377)
	at org.apache.maven.surefire.booter.ForkedBooter.execute(ForkedBooter.java:138)
	at org.apache.maven.surefire.booter.ForkedBooter.run(ForkedBooter.java:465)
	at org.apache.maven.surefire.booter.ForkedBooter.main(ForkedBooter.java:451)
]]></system-err>
  </testcase>
</testsuite>