<?xml version="1.0" encoding="UTF-8"?>
<testsuite xmlns:xsi="http://www.w3.org/2001/XMLSchema-instance" xsi:noNamespaceSchemaLocation="https://maven.apache.org/surefire/maven-surefire-plugin/xsd/surefire-test-report-3.0.xsd" version="3.0" name="TestSuite" time="87.953" tests="2" errors="0" skipped="0" failures="1">
  <properties>
[...]
</properties>
  <testcase name="feature" classname="testRunner.TestRunner" time="47.158"/>
  <testcase name="feature" classname="testRunner.TestRunner" time="38.991">
    <failure message="org.openqa.selenium.UnhandledAlertException: Dismissed user prompt dialog: User or Password is not valid: &#10;Build info: version: &apos;3.141.59&apos;, revision: &apos;e82be7d358&apos;, time: &apos;2018-11-14T08:17:03&apos;&#10;System info: host: &apos;Dhaliwal-macs-MacBook-Air.local&apos;, ip: &apos;2409:4055:71c:ff0c:427:4e5e:dab5:fd77%en0&apos;, os.name: &apos;Mac OS X&apos;, os.arch: &apos;x86_64&apos;, os.version: &apos;10.15.4&apos;, java.version: &apos;14.0.1&apos;&#10;Driver info: org.openqa.selenium.firefox.FirefoxDriver&#10;Capabilities {acceptInsecureCerts: true, browserName: firefox, browserVersion: 75.0, javascriptEnabled: true, moz:accessibilityChecks: false, moz:buildID: 20200403170909, moz:geckodriverVersion: 0.26.0, moz:headless: false, moz:processID: 37994, moz:profile: /var/folders/7d/pndq6v6174n..., moz:shutdownTimeout: 60000, moz:useNonSpecCompliantPointerOrigin: false, moz:webdriverClick: true, pageLoadStrategy: normal, platform: MAC, platformName: MAC, platformVersion: 19.4.0, rotatable: false, setWindowRect: true, strictFileInteractability: false, timeouts: {implicit: 0, pageLoad: 300000, script: 30000}, unhandledPromptBehavior: dismiss and notify}&#10;Session ID: 8141119c-22dc-9540-9189-f101c99afaf1" type="cucumber.runtime.CucumberException"><![CDATA[cucumber.runtime.CucumberException: 
org.openqa.selenium.UnhandledAlertException: Dismissed user prompt dialog: User or Password is not valid: 
Build info: version: '3.141.59', revision: 'e82be7d358', time: '2018-11-14T08:17:03'
System info: host: 'Dhaliwal-macs-MacBook-Air.local', ip: '2409:4055:71c:ff0c:427:4e5e:dab5:fd77%en0', os.name: 'Mac OS X', os.arch: 'x86_64', os.version: '10.15.4', java.version: '14.0.1'
Driver info: org.openqa.selenium.firefox.FirefoxDriver
Capabilities {acceptInsecureCerts: true, browserName: firefox, browserVersion: 75.0, javascriptEnabled: true, moz:accessibilityChecks: false, moz:buildID: 20200403170909, moz:geckodriverVersion: 0.26.0, moz:headless: false, moz:processID: 37994, moz:profile: /var/folders/7d/pndq6v6174n..., moz:shutdownTimeout: 60000, moz:useNonSpecCompliantPointerOrigin: false, moz:webdriverClick: true, pageLoadStrategy: normal, platform: MAC, platformName: MAC, platformVersion: 19.4.0, rotatable: false, setWindowRect: true, strictFileInteractability: false, timeouts: {implicit: 0, pageLoad: 300000, script: 30000}, unhandledPromptBehavior: dismiss and notify}
Session ID: 8141119c-22dc-9540-9189-f101c99afaf1
Caused by: org.openqa.selenium.UnhandledAlertException: 
Dismissed user prompt dialog: User or Password is not valid: 
Build info: version: '3.141.59', revision: 'e82be7d358', time: '2018-11-14T08:17:03'
System info: host: 'Dhaliwal-macs-MacBook-Air.local', ip: '2409:4055:71c:ff0c:427:4e5e:dab5:fd77%en0', os.name: 'Mac OS X', os.arch: 'x86_64', os.version: '10.15.4', java.version: '14.0.1'
Driver info: org.openqa.selenium.firefox.FirefoxDriver
Capabilities {acceptInsecureCerts: true, browserName: firefox, browserVersion: 75.0, javascriptEnabled: true, moz:accessibilityChecks: false, moz:buildID: 20200403170909, moz:geckodriverVersion: 0.26.0, moz:headless: false, moz:processID: 37994, moz:profile: /var/folders/7d/pndq6v6174n..., moz:shutdownTimeout: 60000, moz:useNonSpecCompliantPointerOrigin: false, moz:webdriverClick: true, pageLoadStrategy: normal, platform: MAC, platformName: MAC, platformVersion: 19.4.0, rotatable: false, setWindowRect: true, strictFileInteractability: false, timeouts: {implicit: 0, pageLoad: 300000, script: 30000}, unhandledPromptBehavior: dismiss and notify}
Session ID: 8141119c-22dc-9540-9189-f101c99afaf1
]]></failure>
    <system-out><![CDATA[This is on test start
Feature: Login test

  Background: these are back ground steps                                 # login.feature:2
    Given Open chrome browser                                             # steps.open_chrome_browser()
    Then Enter valid url "http://demo.guru99.com/V4/" to open application # steps.enter_valid_url_to_open_application(String)

  @execute
  Scenario: login with valid credentials                                                # login.feature:7
    When After launching application enter username "mngr259062" and password "UsuhagY" # steps.after_launching_application_enter_username_and_password(String,String)
    And After that enter click on login button                                          # steps.after_that_enter_click_on_login_button()
    Then Get title of the current page "Guru99 Bank Manager HomePage"                   # steps.get_title_of_the_current_page(String)
    Then Close the application and browser                                              # steps.close_the_application_and_browser()

  @execute
  Scenario Outline: Data driven test                                                       # login.feature:14
    When After launching application enter username "<username>" and password "<password>"
    And After that enter click on login button
    Then Get title of the current page "Guru99 Bank Manager HomePage"
    Then Close the application and browser

    Examples: 

  Background: these are back ground steps                                 # login.feature:2
    Given Open chrome browser                                             # steps.open_chrome_browser()
    Then Enter valid url "http://demo.guru99.com/V4/" to open application # steps.enter_valid_url_to_open_application(String)

  @execute
  Scenario Outline: Data driven test                                                    # login.feature:21
    When After launching application enter username "mngr259062" and password "UsuhagY" # steps.after_launching_application_enter_username_and_password(String,String)
    And After that enter click on login button                                          # steps.after_that_enter_click_on_login_button()
    Then Get title of the current page "Guru99 Bank Manager HomePage"                   # steps.get_title_of_the_current_page(String)
    Then Close the application and browser                                              # steps.close_the_application_and_browser()

  Background: these are back ground steps                                 # login.feature:2
    Given Open chrome browser                                             # steps.open_chrome_browser()
    Then Enter valid url "http://demo.guru99.com/V4/" to open application # steps.enter_valid_url_to_open_application(String)

  @execute
  Scenario Outline: Data driven test                                                   # login.feature:22
    When After launching application enter username "mngr25906" and password "UsuhagY" # steps.after_launching_application_enter_username_and_password(String,String)
    And After that enter click on login button                                         # steps.after_that_enter_click_on_login_button()
    Then Get title of the current page "Guru99 Bank Manager HomePage"                  # steps.get_title_of_the_current_page(String)
      org.openqa.selenium.UnhandledAlertException: Dismissed user prompt dialog: User or Password is not valid: 
      Build info: version: '3.141.59', revision: 'e82be7d358', time: '2018-11-14T08:17:03'
      System info: host: 'Dhaliwal-macs-MacBook-Air.local', ip: '2409:4055:71c:ff0c:427:4e5e:dab5:fd77%en0', os.name: 'Mac OS X', os.arch: 'x86_64', os.version: '10.15.4', java.version: '14.0.1'
      Driver info: org.openqa.selenium.firefox.FirefoxDriver
      Capabilities {acceptInsecureCerts: true, browserName: firefox, browserVersion: 75.0, javascriptEnabled: true, moz:accessibilityChecks: false, moz:buildID: 20200403170909, moz:geckodriverVersion: 0.26.0, moz:headless: false, moz:processID: 37994, moz:profile: /var/folders/7d/pndq6v6174n..., moz:shutdownTimeout: 60000, moz:useNonSpecCompliantPointerOrigin: false, moz:webdriverClick: true, pageLoadStrategy: normal, platform: MAC, platformName: MAC, platformVersion: 19.4.0, rotatable: false, setWindowRect: true, strictFileInteractability: false, timeouts: {implicit: 0, pageLoad: 300000, script: 30000}, unhandledPromptBehavior: dismiss and notify}
      Session ID: 8141119c-22dc-9540-9189-f101c99afaf1
      	at org.openqa.selenium.remote.http.W3CHttpResponseCodec.decode(W3CHttpResponseCodec.java:120)
      	at org.openqa.selenium.remote.http.W3CHttpResponseCodec.decode(W3CHttpResponseCodec.java:49)
      	at org.openqa.selenium.remote.HttpCommandExecutor.execute(HttpCommandExecutor.java:158)
      	at org.openqa.selenium.remote.service.DriverCommandExecutor.execute(DriverCommandExecutor.java:83)
      	at org.openqa.selenium.remote.RemoteWebDriver.execute(RemoteWebDriver.java:552)
      	at org.openqa.selenium.remote.RemoteWebDriver.execute(RemoteWebDriver.java:609)
      	at org.openqa.selenium.remote.RemoteWebDriver.getTitle(RemoteWebDriver.java:281)
      	at stepsDefinitions.steps.get_title_of_the_current_page(steps.java:53)
      	at ✽.Then Get title of the current page "Guru99 Bank Manager HomePage"(login.feature:17)

    Then Close the application and browser                                             # steps.close_the_application_and_browser()
This is on test failure
]]></system-out>
    <system-err><![CDATA[1589104529443	mozrunner::runner	INFO	Running command: "/Applications/Firefox.app/Contents/MacOS/firefox-bin" "-marionette" "-foreground" "-no-remote" "-profile" "/var/folders/7d/pndq6v6174ncy_x0gs9jp93c0000gn/T/rust_mozprofileEwljHI"
1589104530148	addons.webextension.doh-rollout@mozilla.org	WARN	Loading extension 'doh-rollout@mozilla.org': Reading manifest: Invalid extension permission: networkStatus
1589104530643	addons.webextension.screenshots@mozilla.org	WARN	Loading extension 'screenshots@mozilla.org': Reading manifest: Invalid extension permission: mozillaAddons
1589104530643	addons.webextension.screenshots@mozilla.org	WARN	Loading extension 'screenshots@mozilla.org': Reading manifest: Invalid extension permission: telemetry
1589104530643	addons.webextension.screenshots@mozilla.org	WARN	Loading extension 'screenshots@mozilla.org': Reading manifest: Invalid extension permission: resource://pdf.js/
1589104530643	addons.webextension.screenshots@mozilla.org	WARN	Loading extension 'screenshots@mozilla.org': Reading manifest: Invalid extension permission: about:reader*
1589104532955	Marionette	INFO	Listening on port 64726
1589104533051	Marionette	WARN	TLS certificate errors will be ignored for this session
May 10, 2020 3:25:33 PM org.openqa.selenium.remote.ProtocolHandshake createSession
INFO: Detected dialect: W3C
JavaScript error: http://demo.guru99.com/V4/index.php, line 1: SyntaxError: missing ) after argument list
1589104542038	Marionette	INFO	Stopped listening on port 64726
1589104543953	mozrunner::runner	INFO	Running command: "/Applications/Firefox.app/Contents/MacOS/firefox-bin" "-marionette" "-foreground" "-no-remote" "-profile" "/var/folders/7d/pndq6v6174ncy_x0gs9jp93c0000gn/T/rust_mozprofilecrg4Rd"
1589104544533	addons.webextension.doh-rollout@mozilla.org	WARN	Loading extension 'doh-rollout@mozilla.org': Reading manifest: Invalid extension permission: networkStatus
1589104545031	addons.webextension.screenshots@mozilla.org	WARN	Loading extension 'screenshots@mozilla.org': Reading manifest: Invalid extension permission: mozillaAddons
1589104545031	addons.webextension.screenshots@mozilla.org	WARN	Loading extension 'screenshots@mozilla.org': Reading manifest: Invalid extension permission: telemetry
1589104545032	addons.webextension.screenshots@mozilla.org	WARN	Loading extension 'screenshots@mozilla.org': Reading manifest: Invalid extension permission: resource://pdf.js/
1589104545032	addons.webextension.screenshots@mozilla.org	WARN	Loading extension 'screenshots@mozilla.org': Reading manifest: Invalid extension permission: about:reader*
1589104547238	Marionette	INFO	Listening on port 64929
1589104547280	Marionette	WARN	TLS certificate errors will be ignored for this session
May 10, 2020 3:25:47 PM org.openqa.selenium.remote.ProtocolHandshake createSession
INFO: Detected dialect: W3C
JavaScript error: http://demo.guru99.com/V4/index.php, line 1: SyntaxError: missing ) after argument list
1589104555656	Marionette	INFO	Stopped listening on port 64929
1589104557551	mozrunner::runner	INFO	Running command: "/Applications/Firefox.app/Contents/MacOS/firefox-bin" "-marionette" "-foreground" "-no-remote" "-profile" "/var/folders/7d/pndq6v6174ncy_x0gs9jp93c0000gn/T/rust_mozprofileBYV1kF"
1589104558224	addons.webextension.doh-rollout@mozilla.org	WARN	Loading extension 'doh-rollout@mozilla.org': Reading manifest: Invalid extension permission: networkStatus
1589104558726	addons.webextension.screenshots@mozilla.org	WARN	Loading extension 'screenshots@mozilla.org': Reading manifest: Invalid extension permission: mozillaAddons
1589104558726	addons.webextension.screenshots@mozilla.org	WARN	Loading extension 'screenshots@mozilla.org': Reading manifest: Invalid extension permission: telemetry
1589104558726	addons.webextension.screenshots@mozilla.org	WARN	Loading extension 'screenshots@mozilla.org': Reading manifest: Invalid extension permission: resource://pdf.js/
1589104558727	addons.webextension.screenshots@mozilla.org	WARN	Loading extension 'screenshots@mozilla.org': Reading manifest: Invalid extension permission: about:reader*
1589104560947	Marionette	INFO	Listening on port 65106
1589104560981	Marionette	WARN	TLS certificate errors will be ignored for this session
May 10, 2020 3:26:01 PM org.openqa.selenium.remote.ProtocolHandshake createSession
INFO: Detected dialect: W3C
JavaScript error: http://demo.guru99.com/V4/index.php, line 1: SyntaxError: missing ) after argument list
java.io.IOException: Media was not found at [/Users/dhaliwal_mac/Documents/Eclipse_Workspace/cucumber_selenium_intelliJ/extent_reports/feature.png]
	at com.aventstack.extentreports.reporter.BasicFileReporter.mediaExists(BasicFileReporter.java:248)
	at com.aventstack.extentreports.reporter.BasicFileReporter.onScreenCaptureAdded(BasicFileReporter.java:242)
	at com.aventstack.extentreports.ExtentObservable.addScreenCapture(ExtentObservable.java:374)
	at com.aventstack.extentreports.ExtentTest.addLog(ExtentTest.java:363)
	at com.aventstack.extentreports.ExtentTest.log(ExtentTest.java:308)
	at com.aventstack.extentreports.ExtentTest.fail(ExtentTest.java:605)
	at utils.ExtentReportUtils.takeScreenShot(ExtentReportUtils.java:31)
	at testRunner.CustomListeners.onTestFailure(CustomListeners.java:32)
	at org.testng.internal.TestListenerHelper.runTestListeners(TestListenerHelper.java:66)
	at org.testng.internal.TestInvoker.runTestResultListener(TestInvoker.java:219)
	at org.testng.internal.TestInvoker.invokeMethod(TestInvoker.java:651)
	at org.testng.internal.TestInvoker.invokeTestMethod(TestInvoker.java:173)
	at org.testng.internal.MethodRunner.runInSequence(MethodRunner.java:46)
	at org.testng.internal.TestInvoker$MethodInvocationAgent.invoke(TestInvoker.java:816)
	at org.testng.internal.TestInvoker.invokeTestMethods(TestInvoker.java:146)
	at org.testng.internal.TestMethodWorker.invokeTestMethods(TestMethodWorker.java:146)
	at org.testng.internal.TestMethodWorker.run(TestMethodWorker.java:128)
	at java.base/java.util.ArrayList.forEach(ArrayList.java:1510)
	at org.testng.TestRunner.privateRun(TestRunner.java:766)
	at org.testng.TestRunner.run(TestRunner.java:587)
	at org.testng.SuiteRunner.runTest(SuiteRunner.java:384)
	at org.testng.SuiteRunner.runSequentially(SuiteRunner.java:378)
	at org.testng.SuiteRunner.privateRun(SuiteRunner.java:337)
	at org.testng.SuiteRunner.run(SuiteRunner.java:286)
	at org.testng.SuiteRunnerWorker.runSuite(SuiteRunnerWorker.java:53)
	at org.testng.SuiteRunnerWorker.run(SuiteRunnerWorker.java:96)
	at org.testng.TestNG.runSuitesSequentially(TestNG.java:1187)
	at org.testng.TestNG.runSuitesLocally(TestNG.java:1109)
	at org.testng.TestNG.runSuites(TestNG.java:1039)
	at org.testng.TestNG.run(TestNG.java:1007)
	at org.apache.maven.surefire.testng.TestNGExecutor.run(TestNGExecutor.java:283)
	at org.apache.maven.surefire.testng.TestNGXmlTestSuite.execute(TestNGXmlTestSuite.java:75)
	at org.apache.maven.surefire.testng.TestNGProvider.invoke(TestNGProvider.java:120)
	at org.apache.maven.surefire.booter.ForkedBooter.runSuitesInProcess(ForkedBooter.java:377)
	at org.apache.maven.surefire.booter.ForkedBooter.execute(ForkedBooter.java:138)
	at org.apache.maven.surefire.booter.ForkedBooter.run(ForkedBooter.java:465)
	at org.apache.maven.surefire.booter.ForkedBooter.main(ForkedBooter.java:451)
]]></system-err>
  </testcase>
</testsuite>