<?xml version="1.0" encoding="UTF-8"?>
<testng-results skipped="0" failed="1" ignored="0" total="1" passed="0">
  <reporter-output>
  </reporter-output>
  <suite name="Default Suite" duration-ms="1181" started-at="2020-05-10T16:43:09 IST" finished-at="2020-05-10T16:43:10 IST">
    <groups>
      <group name="cucumber">
        <method signature="AbstractTestNGCucumberTests.feature(cucumber.api.testng.CucumberFeatureWrapper)[pri:0, instance:testRunner.TestRunner@148080bb]" name="feature" class="cucumber.api.testng.AbstractTestNGCucumberTests"/>
      </group> <!-- cucumber -->
    </groups>
    <test name="seleniumcucumber" duration-ms="1181" started-at="2020-05-10T16:43:09 IST" finished-at="2020-05-10T16:43:10 IST">
      <class name="testRunner.TestRunner">
        <test-method status="PASS" signature="setUpClass()[pri:0, instance:testRunner.TestRunner@148080bb]" name="setUpClass" is-config="true" duration-ms="569" started-at="2020-05-10T16:43:09 IST" finished-at="2020-05-10T16:43:10 IST">
          <reporter-output>
          </reporter-output>
        </test-method> <!-- setUpClass -->
        <test-method status="FAIL" signature="feature(cucumber.api.testng.CucumberFeatureWrapper)[pri:0, instance:testRunner.TestRunner@148080bb]" name="feature" duration-ms="282" started-at="2020-05-10T16:43:10 IST" description="Runs Cucumber Feature" data-provider="features" finished-at="2020-05-10T16:43:10 IST">
          <params>
            <param index="0">
              <value>
                <![CDATA[Manager login options]]>
              </value>
            </param>
          </params>
          <exception class="cucumber.runtime.CucumberException">
            <message>
              <![CDATA[java.lang.NullPointerException]]>
            </message>
            <full-stacktrace>
              <![CDATA[cucumber.runtime.CucumberException: java.lang.NullPointerException
at cucumber.api.testng.TestNGCucumberRunner.runCucumber(TestNGCucumberRunner.java:69)
at cucumber.api.testng.AbstractTestNGCucumberTests.feature(AbstractTestNGCucumberTests.java:21)
at sun.reflect.NativeMethodAccessorImpl.invoke0(Native Method)
at sun.reflect.NativeMethodAccessorImpl.invoke(NativeMethodAccessorImpl.java:62)
at sun.reflect.DelegatingMethodAccessorImpl.invoke(DelegatingMethodAccessorImpl.java:43)
at java.lang.reflect.Method.invoke(Method.java:498)
at org.testng.internal.MethodInvocationHelper.invokeMethod(MethodInvocationHelper.java:134)
at org.testng.internal.TestInvoker.invokeMethod(TestInvoker.java:597)
at org.testng.internal.TestInvoker.invokeTestMethod(TestInvoker.java:173)
at org.testng.internal.MethodRunner.runInSequence(MethodRunner.java:46)
at org.testng.internal.TestInvoker$MethodInvocationAgent.invoke(TestInvoker.java:816)
at org.testng.internal.TestInvoker.invokeTestMethods(TestInvoker.java:146)
at org.testng.internal.TestMethodWorker.invokeTestMethods(TestMethodWorker.java:146)
at org.testng.internal.TestMethodWorker.run(TestMethodWorker.java:128)
at java.util.ArrayList.forEach(ArrayList.java:1257)
at org.testng.TestRunner.privateRun(TestRunner.java:766)
at org.testng.TestRunner.run(TestRunner.java:587)
at org.testng.SuiteRunner.runTest(SuiteRunner.java:384)
at org.testng.SuiteRunner.runSequentially(SuiteRunner.java:378)
at org.testng.SuiteRunner.privateRun(SuiteRunner.java:337)
at org.testng.SuiteRunner.run(SuiteRunner.java:286)
at org.testng.SuiteRunnerWorker.runSuite(SuiteRunnerWorker.java:53)
at org.testng.SuiteRunnerWorker.run(SuiteRunnerWorker.java:96)
at org.testng.TestNG.runSuitesSequentially(TestNG.java:1187)
at org.testng.TestNG.runSuitesLocally(TestNG.java:1109)
at org.testng.TestNG.runSuites(TestNG.java:1039)
at org.testng.TestNG.run(TestNG.java:1007)
at com.intellij.rt.testng.IDEARemoteTestNG.run(IDEARemoteTestNG.java:66)
at com.intellij.rt.testng.RemoteTestNGStarter.main(RemoteTestNGStarter.java:110)
Caused by: java.lang.NullPointerException
at stepsDefinitions.Hook.setup(Hook.java:23)
at sun.reflect.NativeMethodAccessorImpl.invoke0(Native Method)
at sun.reflect.NativeMethodAccessorImpl.invoke(NativeMethodAccessorImpl.java:62)
at sun.reflect.DelegatingMethodAccessorImpl.invoke(DelegatingMethodAccessorImpl.java:43)
at java.lang.reflect.Method.invoke(Method.java:498)
at cucumber.runtime.Utils$1.call(Utils.java:40)
at cucumber.runtime.Timeout.timeout(Timeout.java:16)
at cucumber.runtime.Utils.invoke(Utils.java:34)
at cucumber.runtime.java.JavaHookDefinition.execute(JavaHookDefinition.java:60)
at cucumber.runtime.Runtime.runHookIfTagsMatch(Runtime.java:224)
at cucumber.runtime.Runtime.runHooks(Runtime.java:212)
at cucumber.runtime.Runtime.runBeforeHooks(Runtime.java:202)
at cucumber.runtime.model.CucumberScenario.run(CucumberScenario.java:40)
at cucumber.runtime.model.CucumberFeature.run(CucumberFeature.java:165)
at cucumber.api.testng.TestNGCucumberRunner.runCucumber(TestNGCucumberRunner.java:63)
... 28 more
]]>
            </full-stacktrace>
          </exception> <!-- cucumber.runtime.CucumberException -->
          <reporter-output>
          </reporter-output>
        </test-method> <!-- feature -->
        <test-method status="PASS" signature="tearDownClass()[pri:0, instance:testRunner.TestRunner@148080bb]" name="tearDownClass" is-config="true" duration-ms="47" started-at="2020-05-10T16:43:10 IST" finished-at="2020-05-10T16:43:10 IST">
          <reporter-output>
          </reporter-output>
        </test-method> <!-- tearDownClass -->
      </class> <!-- testRunner.TestRunner -->
    </test> <!-- seleniumcucumber -->
  </suite> <!-- Default Suite -->
</testng-results>
